<?xml version="1.0" encoding="UTF-8"?>
<testsuite name="abstract_factory_hf.PizzaStoreTest" tests="1" skipped="0" failures="0" errors="0" timestamp="2021-02-28T07:06:13" hostname="hanhyejeong-ui-MacBook-Pro.local" time="0.075">
  <properties/>
  <testcase name="test()" classname="abstract_factory_hf.PizzaStoreTest" time="0.075"/>
  <system-out><![CDATA[--- Making a New York Style Cheese Pizza ---
Preparing New York Style Cheese Pizza
Bake for 25 minutes at 350
Cutting the pizza into diagonal slices
Place pizza in official PizzaStore box
Ethan orderedr a ---- New York Style Cheese Pizza ----
Thin Crust Dough
Marinara Sauce
Shredded Parmesan


--- Making a Chicago Style Cheese Pizza ---
Preparing Chicago Style Cheese Pizza
Bake for 25 minutes at 350
Cutting the pizza into diagonal slices
Place pizza in official PizzaStore box
Joel ordered a ---- Chicago Style Cheese Pizza ----
Thick Crust Dough
Tomato sauce with plum tomatoes
Shredded Mozzarella


--- Making a New York Style Pepperoni Pizza ---
Preparing New York Style Pepperoni Pizza
Bake for 25 minutes at 350
Cutting the pizza into diagonal slices
Place pizza in official PizzaStore box
Ethan ordered a ---- New York Style Pepperoni Pizza ----
Thin Crust Dough
Marinara Sauce
Shredded Parmesan
Garlic, Black Olives
Sliced Pepperoni


--- Making a Chicago Style Pepperoni Pizza ---
Preparing Chicago Style Pepperoni Pizza
Bake for 25 minutes at 350
Cutting the pizza into diagonal slices
Place pizza in official PizzaStore box
Joel ordered a ---- Chicago Style Pepperoni Pizza ----
Thick Crust Dough
Tomato sauce with plum tomatoes
Shredded Mozzarella
Black Olives, Spinach
Sliced Pepperoni


--- Making a New York Style Veggie Pizza ---
Preparing New York Style Veggie Pizza
Bake for 25 minutes at 350
Cutting the pizza into diagonal slices
Place pizza in official PizzaStore box
Ethan ordered a ---- New York Style Veggie Pizza ----
Thin Crust Dough
Marinara Sauce
Shredded Parmesan
Garlic, Black Olives


--- Making a Chicago Style Veggie Pizza ---
Preparing Chicago Style Veggie Pizza
Bake for 25 minutes at 350
Cutting the pizza into diagonal slices
Place pizza in official PizzaStore box
Joel ordered a ---- Chicago Style Veggie Pizza ----
Thick Crust Dough
Tomato sauce with plum tomatoes
Shredded Mozzarella
Black Olives, Spinach


]]></system-out>
  <system-err><![CDATA[]]></system-err>
</testsuite>
